Started GET "/" for 127.0.0.1 at 2021-01-06 21:21:31 +0600
  [1m[35m (2.3ms)[0m  [1m[34mSELECT sqlite_version(*)[0m
Processing by Rails::WelcomeController#index as HTML
  Rendering /home/nascenia/.rvm/gems/ruby-2.7.2/gems/railties-6.0.3.4/lib/rails/templates/rails/welcome/index.html.erb
  Rendered /home/nascenia/.rvm/gems/ruby-2.7.2/gems/railties-6.0.3.4/lib/rails/templates/rails/welcome/index.html.erb (Duration: 14.3ms | Allocations: 400)
Completed 200 OK in 45ms (Views: 26.6ms | ActiveRecord: 0.0ms | Allocations: 2305)


  [1m[35m (0.5ms)[0m  [1m[34mSELECT sqlite_version(*)[0m
  [1m[35m (86.4ms)[0m  [1m[35mCREATE TABLE "schema_migrations" ("version" varchar NOT NULL PRIMARY KEY)[0m
  [1m[35m (88.4ms)[0m  [1m[35mCREATE TABLE "ar_internal_metadata" ("key" varchar NOT NULL PRIMARY KEY, "value" varchar, "created_at" datetime(6) NOT NULL, "updated_at" datetime(6) NOT NULL)[0m
  [1m[35m (0.3ms)[0m  [1m[34mSELECT "schema_migrations"."version" FROM "schema_migrations" ORDER BY "schema_migrations"."version" ASC[0m
Migrating to CreateProducts (20210106152321)
  [1m[35m (0.1ms)[0m  [1m[36mbegin transaction[0m
  [1m[35m (0.7ms)[0m  [1m[35mCREATE TABLE "products" ("id" integer PRIMARY KEY AUTOINCREMENT NOT NULL, "title" varchar, "description" text, "image_url" varchar, "price" decimal, "created_at" datetime(6) NOT NULL, "updated_at" datetime(6) NOT NULL)[0m
  [1m[36mprimary::SchemaMigration Create (0.2ms)[0m  [1m[32mINSERT INTO "schema_migrations" ("version") VALUES (?)[0m  [["version", "20210106152321"]]
  [1m[35m (99.8ms)[0m  [1m[36mcommit transaction[0m
  [1m[36mActiveRecord::InternalMetadata Load (0.3ms)[0m  [1m[34mSELECT "ar_internal_metadata".* FROM "ar_internal_metadata" WHERE "ar_internal_metadata"."key" = ? LIMIT ?[0m  [["key", "environment"], ["LIMIT", 1]]
  [1m[35m (0.1ms)[0m  [1m[36mbegin transaction[0m
  [1m[36mActiveRecord::InternalMetadata Create (0.4ms)[0m  [1m[32mINSERT INTO "ar_internal_metadata" ("key", "value", "created_at", "updated_at") VALUES (?, ?, ?, ?)[0m  [["key", "environment"], ["value", "development"], ["created_at", "2021-01-06 15:48:08.844975"], ["updated_at", "2021-01-06 15:48:08.844975"]]
  [1m[35m (56.2ms)[0m  [1m[36mcommit transaction[0m
  [1m[35m (0.2ms)[0m  [1m[34mSELECT sqlite_version(*)[0m
  [1m[35m (0.2ms)[0m  [1m[34mSELECT "schema_migrations"."version" FROM "schema_migrations" ORDER BY "schema_migrations"."version" ASC[0m
  [1m[35m (0.8ms)[0m  [1m[34mSELECT sqlite_version(*)[0m
  [1m[35m (0.2ms)[0m  [1m[34mSELECT "schema_migrations"."version" FROM "schema_migrations" ORDER BY "schema_migrations"."version" ASC[0m
  [1m[35m (0.1ms)[0m  [1m[34mSELECT sqlite_version(*)[0m
  [1m[36mProduct Destroy (74.3ms)[0m  [1m[31mDELETE FROM "products"[0m
  [1m[35m (0.4ms)[0m  [1m[36mbegin transaction[0m
  [1m[36mProduct Create (0.4ms)[0m  [1m[32mINSERT INTO "products" ("title", "description", "image_url", "price", "created_at", "updated_at") VALUES (?, ?, ?, ?, ?, ?)[0m  [["title", "Rails, Angular, Postgres, and Bootstrap"], ["description", "<p>\n      <em>Powerful, Effective, and Efficient Full-Stack Web Development</em>\n      As a Rails developer, you care about user experience and performance,\n      but you also want simple and maintainable code. Achieve all that by\n      embracing the full stack of web development, from styling with\n      Bootstrap, building an interactive user interface with AngularJS, to\n      storing data quickly and reliably in PostgreSQL. Take a holistic view of\n      full-stack development to create usable, high-performing applications,\n      and learn to use these technologies effectively in a Ruby on Rails\n      environment.\n      </p>"], ["image_url", "dcbang.jpg"], ["price", 45.0], ["created_at", "2021-01-06 15:50:54.209312"], ["updated_at", "2021-01-06 15:50:54.209312"]]
  [1m[35m (83.7ms)[0m  [1m[36mcommit transaction[0m
  [1m[35m (0.1ms)[0m  [1m[36mbegin transaction[0m
  [1m[36mProduct Create (0.6ms)[0m  [1m[32mINSERT INTO "products" ("title", "description", "image_url", "price", "created_at", "updated_at") VALUES (?, ?, ?, ?, ?, ?)[0m  [["title", "Seven Mobile Apps in Seven Weeks"], ["description", "<p>\n      <em>Native Apps, Multiple Platforms</em>\n      Answer the question “Can we build this for ALL the devices?” with a\n      resounding YES. This book will help you get there with a real-world\n      introduction to seven platforms, whether you’re new to mobile or an\n      experienced developer needing to expand your options. Plus, you’ll find\n      out which cross-platform solution makes the most sense for your needs.\n      </p>"], ["image_url", "7apps.jpg"], ["price", 26.0], ["created_at", "2021-01-06 15:50:54.303819"], ["updated_at", "2021-01-06 15:50:54.303819"]]
  [1m[35m (87.4ms)[0m  [1m[36mcommit transaction[0m
  [1m[35m (0.1ms)[0m  [1m[36mbegin transaction[0m
  [1m[36mProduct Create (0.6ms)[0m  [1m[32mINSERT INTO "products" ("title", "description", "image_url", "price", "created_at", "updated_at") VALUES (?, ?, ?, ?, ?, ?)[0m  [["title", "Ruby Performance Optimization"], ["description", "<p>\n      <em>Why Ruby Is Slow, and How to Fix It</em> \n      You don’t have to accept slow Ruby or Rails performance. In this\n      comprehensive guide to Ruby optimization, you’ll learn how to write\n      faster Ruby code—but that’s just the beginning. See exactly what makes\n      Ruby and Rails code slow, and how to fix it. Alex Dymo will guide you\n      through perils of memory and CPU optimization, profiling, measuring,\n      performance testing, garbage collection, and tuning. You’ll find that\n      all those “hard” things aren’t so difficult after all, and your code\n      will run orders of magnitude faster.\n      </p>"], ["image_url", "adrpo.jpg"], ["price", 46.0], ["created_at", "2021-01-06 15:50:54.401859"], ["updated_at", "2021-01-06 15:50:54.401859"]]
  [1m[35m (95.3ms)[0m  [1m[36mcommit transaction[0m
Started GET "/" for 127.0.0.1 at 2021-01-06 22:04:45 +0600
  [1m[35m (1.1ms)[0m  [1m[34mSELECT sqlite_version(*)[0m
  [1m[35m (0.2ms)[0m  [1m[34mSELECT "schema_migrations"."version" FROM "schema_migrations" ORDER BY "schema_migrations"."version" ASC[0m
Processing by Rails::WelcomeController#index as HTML
  Rendering /home/nascenia/.rvm/gems/ruby-2.7.2/gems/railties-6.0.3.4/lib/rails/templates/rails/welcome/index.html.erb
  Rendered /home/nascenia/.rvm/gems/ruby-2.7.2/gems/railties-6.0.3.4/lib/rails/templates/rails/welcome/index.html.erb (Duration: 9.6ms | Allocations: 442)
Completed 200 OK in 19ms (Views: 11.8ms | ActiveRecord: 0.0ms | Allocations: 2025)


Started GET "/" for 127.0.0.1 at 2021-01-06 22:13:21 +0600
  [1m[35m (0.1ms)[0m  [1m[34mSELECT sqlite_version(*)[0m
Processing by Rails::WelcomeController#index as HTML
  Rendering /home/nascenia/.rvm/gems/ruby-2.7.2/gems/railties-6.0.3.4/lib/rails/templates/rails/welcome/index.html.erb
  Rendered /home/nascenia/.rvm/gems/ruby-2.7.2/gems/railties-6.0.3.4/lib/rails/templates/rails/welcome/index.html.erb (Duration: 8.7ms | Allocations: 178)
Completed 200 OK in 12ms (Views: 10.0ms | ActiveRecord: 0.0ms | Allocations: 880)


Started GET "/products" for 127.0.0.1 at 2021-01-06 22:13:27 +0600
Processing by ProductsController#index as HTML
  Rendering products/index.html.erb within layouts/application
  [1m[36mProduct Load (0.2ms)[0m  [1m[34mSELECT "products".* FROM "products"[0m
  ↳ app/views/products/index.html.erb:6
  Rendered products/index.html.erb within layouts/application (Duration: 46.7ms | Allocations: 10920)
[Webpacker] Compiling...
[Webpacker] Compiled all packs in /home/nascenia/Desktop/depot/public/packs
[Webpacker] Hash: 76145d9ce4575ebaa29b
Version: webpack 4.44.2
Time: 1025ms
Built at: 01/06/2021 10:13:29 PM
                                     Asset       Size       Chunks                         Chunk Names
    js/application-c229f7c7014cf8c8d494.js    124 KiB  application  [emitted] [immutable]  application
js/application-c229f7c7014cf8c8d494.js.map    139 KiB  application  [emitted] [dev]        application
                             manifest.json  364 bytes               [emitted]              
Entrypoint application = js/application-c229f7c7014cf8c8d494.js js/application-c229f7c7014cf8c8d494.js.map
[./app/javascript/channels sync recursive _channel\.js$] ./app/javascript/channels sync _channel\.js$ 160 bytes {application} [built]
[./app/javascript/channels/index.js] 211 bytes {application} [built]
[./app/javascript/packs/application.js] 749 bytes {application} [built]
[./node_modules/webpack/buildin/module.js] (webpack)/buildin/module.js 552 bytes {application} [built]
    + 3 hidden modules

Completed 200 OK in 2692ms (Views: 2686.0ms | ActiveRecord: 1.0ms | Allocations: 17156)


Started GET "/" for 127.0.0.1 at 2021-01-06 22:19:53 +0600
  [1m[35m (0.5ms)[0m  [1m[34mSELECT sqlite_version(*)[0m
  [1m[35m (0.3ms)[0m  [1m[34mSELECT "schema_migrations"."version" FROM "schema_migrations" ORDER BY "schema_migrations"."version" ASC[0m
Processing by StoreController#index as HTML
  Rendering store/index.html.erb within layouts/application
  [1m[36mProduct Load (0.2ms)[0m  [1m[34mSELECT "products".* FROM "products" ORDER BY "products"."title" ASC[0m
  ↳ app/views/store/index.html.erb:5
  Rendered store/index.html.erb within layouts/application (Duration: 112.2ms | Allocations: 19645)
Completed 500 Internal Server Error in 160ms (ActiveRecord: 5.3ms | Allocations: 33993)


  
ActionView::Template::Error (The asset "application.js" is not present in the asset pipeline.
):
     8: 
     9:     <%= stylesheet_link_tag    'application', media: 'all',
    10:     'data-turbolinks-track': 'reload' %>
    11:     <%= javascript_include_tag 'application', 'data-turbolinks-track': 'reload' %>
    12:   </head>
    13: 
    14:   <body class="<%= controller.controller_name %>">
  
app/views/layouts/application.html.erb:11
Started GET "/" for 127.0.0.1 at 2021-01-06 22:20:24 +0600
Processing by StoreController#index as HTML
  Rendering store/index.html.erb within layouts/application
  [1m[36mProduct Load (0.3ms)[0m  [1m[34mSELECT "products".* FROM "products" ORDER BY "products"."title" ASC[0m
  ↳ app/views/store/index.html.erb:5
  Rendered store/index.html.erb within layouts/application (Duration: 16.2ms | Allocations: 2730)
[Webpacker] Everything's up-to-date. Nothing to do
Completed 200 OK in 34ms (Views: 31.9ms | ActiveRecord: 0.3ms | Allocations: 7667)


Started GET "/" for 127.0.0.1 at 2021-01-06 22:20:47 +0600
Processing by StoreController#index as HTML
  Rendering store/index.html.erb within layouts/application
  [1m[36mProduct Load (0.3ms)[0m  [1m[34mSELECT "products".* FROM "products" ORDER BY "products"."title" ASC[0m
  ↳ app/views/store/index.html.erb:5
  Rendered store/index.html.erb within layouts/application (Duration: 11.8ms | Allocations: 2498)
[Webpacker] Everything's up-to-date. Nothing to do
Completed 200 OK in 24ms (Views: 21.6ms | ActiveRecord: 0.3ms | Allocations: 6370)


Started GET "/" for 127.0.0.1 at 2021-01-06 22:22:32 +0600
Processing by StoreController#index as HTML
  Rendering store/index.html.erb within layouts/application
  [1m[36mProduct Load (0.3ms)[0m  [1m[34mSELECT "products".* FROM "products" ORDER BY "products"."title" ASC[0m
  ↳ app/views/store/index.html.erb:6
  Rendered store/index.html.erb within layouts/application (Duration: 59.9ms | Allocations: 7305)
[Webpacker] Everything's up-to-date. Nothing to do
Completed 200 OK in 104ms (Views: 101.3ms | ActiveRecord: 0.3ms | Allocations: 19537)


Started GET "/" for 127.0.0.1 at 2021-01-06 22:28:59 +0600
  [1m[35m (0.1ms)[0m  [1m[34mSELECT sqlite_version(*)[0m
Processing by StoreController#index as HTML
  Rendering store/index.html.erb within layouts/application
  [1m[36mProduct Load (0.6ms)[0m  [1m[34mSELECT "products".* FROM "products" ORDER BY "products"."title" ASC[0m
  ↳ app/views/store/index.html.erb:6
  Rendered store/index.html.erb within layouts/application (Duration: 12.3ms | Allocations: 3035)
[Webpacker] Everything's up-to-date. Nothing to do
Completed 200 OK in 27ms (Views: 24.2ms | ActiveRecord: 0.6ms | Allocations: 7851)


Started GET "/" for 127.0.0.1 at 2021-01-06 22:30:13 +0600
Processing by StoreController#index as HTML
  Rendering store/index.html.erb within layouts/application
  [1m[36mProduct Load (0.5ms)[0m  [1m[34mSELECT "products".* FROM "products" ORDER BY "products"."title" ASC[0m
  ↳ app/views/store/index.html.erb:6
  Rendered store/index.html.erb within layouts/application (Duration: 10.9ms | Allocations: 3037)
[Webpacker] Everything's up-to-date. Nothing to do
Completed 200 OK in 22ms (Views: 20.4ms | ActiveRecord: 0.5ms | Allocations: 7855)


Started GET "/" for 127.0.0.1 at 2021-01-06 22:34:21 +0600
Processing by StoreController#index as HTML
  Rendering store/index.html.erb within layouts/application
  [1m[36mProduct Load (0.2ms)[0m  [1m[34mSELECT "products".* FROM "products" ORDER BY "products"."title" ASC[0m
  ↳ app/views/store/index.html.erb:6
  Rendered store/index.html.erb within layouts/application (Duration: 10.4ms | Allocations: 2787)
[Webpacker] Everything's up-to-date. Nothing to do
Completed 200 OK in 19ms (Views: 17.5ms | ActiveRecord: 0.2ms | Allocations: 6632)


  [1m[35m (0.5ms)[0m  [1m[34mSELECT sqlite_version(*)[0m
  [1m[35m (0.2ms)[0m  [1m[34mSELECT "schema_migrations"."version" FROM "schema_migrations" ORDER BY "schema_migrations"."version" ASC[0m
Migrating to CreateCarts (20210106163547)
  [1m[35m (0.1ms)[0m  [1m[36mbegin transaction[0m
  [1m[35m (0.5ms)[0m  [1m[35mCREATE TABLE "carts" ("id" integer PRIMARY KEY AUTOINCREMENT NOT NULL, "created_at" datetime(6) NOT NULL, "updated_at" datetime(6) NOT NULL)[0m
  [1m[36mprimary::SchemaMigration Create (0.3ms)[0m  [1m[32mINSERT INTO "schema_migrations" ("version") VALUES (?)[0m  [["version", "20210106163547"]]
  [1m[35m (80.9ms)[0m  [1m[36mcommit transaction[0m
  [1m[36mActiveRecord::InternalMetadata Load (0.5ms)[0m  [1m[34mSELECT "ar_internal_metadata".* FROM "ar_internal_metadata" WHERE "ar_internal_metadata"."key" = ? LIMIT ?[0m  [["key", "environment"], ["LIMIT", 1]]
  [1m[35m (0.1ms)[0m  [1m[34mSELECT sqlite_version(*)[0m
  [1m[35m (0.1ms)[0m  [1m[34mSELECT "schema_migrations"."version" FROM "schema_migrations" ORDER BY "schema_migrations"."version" ASC[0m
  [1m[35m (0.4ms)[0m  [1m[34mSELECT sqlite_version(*)[0m
  [1m[35m (0.2ms)[0m  [1m[34mSELECT "schema_migrations"."version" FROM "schema_migrations" ORDER BY "schema_migrations"."version" ASC[0m
Migrating to CreateLineItems (20210106163953)
  [1m[35m (0.1ms)[0m  [1m[36mbegin transaction[0m
  [1m[35m (0.6ms)[0m  [1m[35mCREATE TABLE "line_items" ("id" integer PRIMARY KEY AUTOINCREMENT NOT NULL, "product_id" integer NOT NULL, "cart_id" integer NOT NULL, "created_at" datetime(6) NOT NULL, "updated_at" datetime(6) NOT NULL, CONSTRAINT "fk_rails_11e15d5c6b"
FOREIGN KEY ("product_id")
  REFERENCES "products" ("id")
, CONSTRAINT "fk_rails_af645e8e5f"
FOREIGN KEY ("cart_id")
  REFERENCES "carts" ("id")
)[0m
  [1m[35m (0.2ms)[0m  [1m[35mCREATE  INDEX "index_line_items_on_product_id" ON "line_items" ("product_id")[0m
  [1m[35m (0.2ms)[0m  [1m[35mCREATE  INDEX "index_line_items_on_cart_id" ON "line_items" ("cart_id")[0m
  [1m[36mprimary::SchemaMigration Create (0.4ms)[0m  [1m[32mINSERT INTO "schema_migrations" ("version") VALUES (?)[0m  [["version", "20210106163953"]]
  [1m[35m (80.5ms)[0m  [1m[36mcommit transaction[0m
  [1m[36mActiveRecord::InternalMetadata Load (0.4ms)[0m  [1m[34mSELECT "ar_internal_metadata".* FROM "ar_internal_metadata" WHERE "ar_internal_metadata"."key" = ? LIMIT ?[0m  [["key", "environment"], ["LIMIT", 1]]
  [1m[35m (0.1ms)[0m  [1m[34mSELECT sqlite_version(*)[0m
  [1m[35m (0.3ms)[0m  [1m[34mSELECT "schema_migrations"."version" FROM "schema_migrations" ORDER BY "schema_migrations"."version" ASC[0m
Started GET "/" for 127.0.0.1 at 2021-01-06 22:54:16 +0600
  [1m[35m (0.1ms)[0m  [1m[34mSELECT sqlite_version(*)[0m
  [1m[35m (0.2ms)[0m  [1m[34mSELECT "schema_migrations"."version" FROM "schema_migrations" ORDER BY "schema_migrations"."version" ASC[0m
Processing by StoreController#index as HTML
  Rendering store/index.html.erb within layouts/application
  [1m[36mProduct Load (0.3ms)[0m  [1m[34mSELECT "products".* FROM "products" ORDER BY "products"."title" ASC[0m
  ↳ app/views/store/index.html.erb:6
  Rendered store/index.html.erb within layouts/application (Duration: 17.2ms | Allocations: 6212)
[Webpacker] Everything's up-to-date. Nothing to do
Completed 200 OK in 98ms (Views: 63.8ms | ActiveRecord: 0.3ms | Allocations: 26154)


Started GET "/" for 127.0.0.1 at 2021-01-06 22:59:06 +0600
  [1m[35m (0.1ms)[0m  [1m[34mSELECT sqlite_version(*)[0m
Processing by StoreController#index as HTML
  Rendering store/index.html.erb within layouts/application
  [1m[36mProduct Load (0.4ms)[0m  [1m[34mSELECT "products".* FROM "products" ORDER BY "products"."title" ASC[0m
  ↳ app/views/store/index.html.erb:6
  Rendered store/index.html.erb within layouts/application (Duration: 26.9ms | Allocations: 6975)
[Webpacker] Everything's up-to-date. Nothing to do
Completed 200 OK in 82ms (Views: 74.7ms | ActiveRecord: 2.1ms | Allocations: 26090)


Started POST "/line_items?product_id=1" for 127.0.0.1 at 2021-01-06 22:59:08 +0600
Processing by LineItemsController#create as HTML
  Parameters: {"authenticity_token"=>"8ipmA3xL0z/W340HijOEG4j6puHZtCktE/z6YCnggrvK5t+U08QGeSkGfygrCu6ezRpjQbPDpFqx/Mna58tBcw==", "product_id"=>"1"}
  [1m[35m (0.1ms)[0m  [1m[36mbegin transaction[0m
  ↳ app/controllers/concerns/current_cart.rb:8:in `rescue in set_cart'
  [1m[36mCart Create (0.4ms)[0m  [1m[32mINSERT INTO "carts" ("created_at", "updated_at") VALUES (?, ?)[0m  [["created_at", "2021-01-06 16:59:08.787269"], ["updated_at", "2021-01-06 16:59:08.787269"]]
  ↳ app/controllers/concerns/current_cart.rb:8:in `rescue in set_cart'
  [1m[35m (159.7ms)[0m  [1m[36mcommit transaction[0m
  ↳ app/controllers/concerns/current_cart.rb:8:in `rescue in set_cart'
  [1m[36mProduct Load (0.4ms)[0m  [1m[34mSELECT "products".* FROM "products" WHERE "products"."id" = ? LIMIT ?[0m  [["id", 1], ["LIMIT", 1]]
  ↳ app/controllers/line_items_controller.rb:37:in `create'
  [1m[35m (0.1ms)[0m  [1m[36mbegin transaction[0m
  ↳ app/controllers/line_items_controller.rb:41:in `block in create'
  [1m[36mLineItem Create (0.6ms)[0m  [1m[32mINSERT INTO "line_items" ("product_id", "cart_id", "created_at", "updated_at") VALUES (?, ?, ?, ?)[0m  [["product_id", 1], ["cart_id", 1], ["created_at", "2021-01-06 16:59:09.027619"], ["updated_at", "2021-01-06 16:59:09.027619"]]
  ↳ app/controllers/line_items_controller.rb:41:in `block in create'
  [1m[35m (71.9ms)[0m  [1m[36mcommit transaction[0m
  ↳ app/controllers/line_items_controller.rb:41:in `block in create'
Redirected to http://localhost:3000/carts/1
Completed 302 Found in 343ms (ActiveRecord: 235.1ms | Allocations: 22736)


Started GET "/carts/1" for 127.0.0.1 at 2021-01-06 22:59:09 +0600
Processing by CartsController#show as HTML
  Parameters: {"id"=>"1"}
  [1m[36mCart Load (0.3ms)[0m  [1m[34mSELECT "carts".* FROM "carts" WHERE "carts"."id" = ? LIMIT ?[0m  [["id", 1], ["LIMIT", 1]]
  ↳ app/controllers/carts_controller.rb:67:in `set_cart'
  Rendering carts/show.html.erb within layouts/application
  Rendered carts/show.html.erb within layouts/application (Duration: 1.0ms | Allocations: 207)
[Webpacker] Everything's up-to-date. Nothing to do
Completed 200 OK in 23ms (Views: 18.7ms | ActiveRecord: 0.3ms | Allocations: 5541)


Started GET "/" for 127.0.0.1 at 2021-01-06 22:59:12 +0600
Processing by StoreController#index as HTML
  Rendering store/index.html.erb within layouts/application
  [1m[36mProduct Load (0.5ms)[0m  [1m[34mSELECT "products".* FROM "products" ORDER BY "products"."title" ASC[0m
  ↳ app/views/store/index.html.erb:6
  Rendered store/index.html.erb within layouts/application (Duration: 12.8ms | Allocations: 3234)
[Webpacker] Everything's up-to-date. Nothing to do
Completed 200 OK in 22ms (Views: 19.6ms | ActiveRecord: 0.5ms | Allocations: 7203)


Started GET "/carts" for 127.0.0.1 at 2021-01-06 22:59:18 +0600
Processing by CartsController#index as HTML
  Rendering carts/index.html.erb within layouts/application
  [1m[36mCart Load (0.4ms)[0m  [1m[34mSELECT "carts".* FROM "carts"[0m
  ↳ app/views/carts/index.html.erb:13
  Rendered carts/index.html.erb within layouts/application (Duration: 4.5ms | Allocations: 996)
[Webpacker] Everything's up-to-date. Nothing to do
Completed 200 OK in 15ms (Views: 12.2ms | ActiveRecord: 0.4ms | Allocations: 5156)


Started GET "/carts/1" for 127.0.0.1 at 2021-01-06 22:59:20 +0600
Processing by CartsController#show as HTML
  Parameters: {"id"=>"1"}
  [1m[36mCart Load (0.3ms)[0m  [1m[34mSELECT "carts".* FROM "carts" WHERE "carts"."id" = ? LIMIT ?[0m  [["id", 1], ["LIMIT", 1]]
  ↳ app/controllers/carts_controller.rb:67:in `set_cart'
  Rendering carts/show.html.erb within layouts/application
  Rendered carts/show.html.erb within layouts/application (Duration: 0.5ms | Allocations: 75)
[Webpacker] Everything's up-to-date. Nothing to do
Completed 200 OK in 15ms (Views: 11.2ms | ActiveRecord: 0.3ms | Allocations: 4639)


Started GET "/" for 127.0.0.1 at 2021-01-06 23:04:06 +0600
Processing by StoreController#index as HTML
  Rendering store/index.html.erb within layouts/application
  [1m[36mProduct Load (0.4ms)[0m  [1m[34mSELECT "products".* FROM "products" ORDER BY "products"."title" ASC[0m
  ↳ app/views/store/index.html.erb:6
  Rendered store/index.html.erb within layouts/application (Duration: 12.8ms | Allocations: 3470)
[Webpacker] Everything's up-to-date. Nothing to do
Completed 200 OK in 26ms (Views: 24.1ms | ActiveRecord: 0.4ms | Allocations: 8413)


Started POST "/line_items?product_id=1" for 127.0.0.1 at 2021-01-06 23:04:07 +0600
Processing by LineItemsController#create as HTML
  Parameters: {"authenticity_token"=>"fpkygSYSjvE5QsTstVO57cImKTggRd0iD+KdiQWa4M5GVYsWiZ1bt8abNsMUatNoh8bsmEoyUFWt4q4zy7EjBg==", "product_id"=>"1"}
  [1m[36mCart Load (0.2ms)[0m  [1m[34mSELECT "carts".* FROM "carts" WHERE "carts"."id" = ? LIMIT ?[0m  [["id", 1], ["LIMIT", 1]]
  ↳ app/controllers/concerns/current_cart.rb:6:in `set_cart'
  [1m[36mProduct Load (0.1ms)[0m  [1m[34mSELECT "products".* FROM "products" WHERE "products"."id" = ? LIMIT ?[0m  [["id", 1], ["LIMIT", 1]]
  ↳ app/controllers/line_items_controller.rb:37:in `create'
  [1m[35m (0.1ms)[0m  [1m[36mbegin transaction[0m
  ↳ app/controllers/line_items_controller.rb:41:in `block in create'
  [1m[36mLineItem Create (0.5ms)[0m  [1m[32mINSERT INTO "line_items" ("product_id", "cart_id", "created_at", "updated_at") VALUES (?, ?, ?, ?)[0m  [["product_id", 1], ["cart_id", 1], ["created_at", "2021-01-06 17:04:07.838617"], ["updated_at", "2021-01-06 17:04:07.838617"]]
  ↳ app/controllers/line_items_controller.rb:41:in `block in create'
  [1m[35m (184.4ms)[0m  [1m[36mcommit transaction[0m
  ↳ app/controllers/line_items_controller.rb:41:in `block in create'
Redirected to http://localhost:3000/carts/1
Completed 302 Found in 200ms (ActiveRecord: 185.3ms | Allocations: 5551)


Started GET "/carts/1" for 127.0.0.1 at 2021-01-06 23:04:08 +0600
Processing by CartsController#show as HTML
  Parameters: {"id"=>"1"}
  [1m[36mCart Load (0.2ms)[0m  [1m[34mSELECT "carts".* FROM "carts" WHERE "carts"."id" = ? LIMIT ?[0m  [["id", 1], ["LIMIT", 1]]
  ↳ app/controllers/carts_controller.rb:67:in `set_cart'
  Rendering carts/show.html.erb within layouts/application
  [1m[36mLineItem Load (0.3ms)[0m  [1m[34mSELECT "line_items".* FROM "line_items" WHERE "line_items"."cart_id" = ?[0m  [["cart_id", 1]]
  ↳ app/views/carts/show.html.erb:5
  [1m[36mProduct Load (0.2ms)[0m  [1m[34mSELECT "products".* FROM "products" WHERE "products"."id" = ? LIMIT ?[0m  [["id", 1], ["LIMIT", 1]]
  ↳ app/views/carts/show.html.erb:6
  [1m[36mCACHE Product Load (0.1ms)[0m  [1m[34mSELECT "products".* FROM "products" WHERE "products"."id" = ? LIMIT ?[0m  [["id", 1], ["LIMIT", 1]]
  ↳ app/views/carts/show.html.erb:6
  Rendered carts/show.html.erb within layouts/application (Duration: 9.9ms | Allocations: 2678)
[Webpacker] Everything's up-to-date. Nothing to do
Completed 200 OK in 23ms (Views: 18.4ms | ActiveRecord: 0.8ms | Allocations: 7843)


Started POST "/line_items?product_id=1" for 127.0.0.1 at 2021-01-06 23:04:10 +0600
Processing by LineItemsController#create as HTML
  Parameters: {"authenticity_token"=>"fpkygSYSjvE5QsTstVO57cImKTggRd0iD+KdiQWa4M5GVYsWiZ1bt8abNsMUatNoh8bsmEoyUFWt4q4zy7EjBg==", "product_id"=>"1"}
  [1m[36mCart Load (0.2ms)[0m  [1m[34mSELECT "carts".* FROM "carts" WHERE "carts"."id" = ? LIMIT ?[0m  [["id", 1], ["LIMIT", 1]]
  ↳ app/controllers/concerns/current_cart.rb:6:in `set_cart'
  [1m[36mProduct Load (0.2ms)[0m  [1m[34mSELECT "products".* FROM "products" WHERE "products"."id" = ? LIMIT ?[0m  [["id", 1], ["LIMIT", 1]]
  ↳ app/controllers/line_items_controller.rb:37:in `create'
  [1m[35m (0.2ms)[0m  [1m[36mbegin transaction[0m
  ↳ app/controllers/line_items_controller.rb:41:in `block in create'
  [1m[36mLineItem Create (0.6ms)[0m  [1m[32mINSERT INTO "line_items" ("product_id", "cart_id", "created_at", "updated_at") VALUES (?, ?, ?, ?)[0m  [["product_id", 1], ["cart_id", 1], ["created_at", "2021-01-06 17:04:10.771834"], ["updated_at", "2021-01-06 17:04:10.771834"]]
  ↳ app/controllers/line_items_controller.rb:41:in `block in create'
  [1m[35m (97.7ms)[0m  [1m[36mcommit transaction[0m
  ↳ app/controllers/line_items_controller.rb:41:in `block in create'
Redirected to http://localhost:3000/carts/1
Completed 302 Found in 120ms (ActiveRecord: 98.8ms | Allocations: 6068)


Started GET "/carts/1" for 127.0.0.1 at 2021-01-06 23:04:10 +0600
Processing by CartsController#show as HTML
  Parameters: {"id"=>"1"}
  [1m[36mCart Load (0.4ms)[0m  [1m[34mSELECT "carts".* FROM "carts" WHERE "carts"."id" = ? LIMIT ?[0m  [["id", 1], ["LIMIT", 1]]
  ↳ app/controllers/carts_controller.rb:67:in `set_cart'
  Rendering carts/show.html.erb within layouts/application
  [1m[36mLineItem Load (0.2ms)[0m  [1m[34mSELECT "line_items".* FROM "line_items" WHERE "line_items"."cart_id" = ?[0m  [["cart_id", 1]]
  ↳ app/views/carts/show.html.erb:5
  [1m[36mProduct Load (0.3ms)[0m  [1m[34mSELECT "products".* FROM "products" WHERE "products"."id" = ? LIMIT ?[0m  [["id", 1], ["LIMIT", 1]]
  ↳ app/views/carts/show.html.erb:6
  [1m[36mCACHE Product Load (0.1ms)[0m  [1m[34mSELECT "products".* FROM "products" WHERE "products"."id" = ? LIMIT ?[0m  [["id", 1], ["LIMIT", 1]]
  ↳ app/views/carts/show.html.erb:6
  [1m[36mCACHE Product Load (0.0ms)[0m  [1m[34mSELECT "products".* FROM "products" WHERE "products"."id" = ? LIMIT ?[0m  [["id", 1], ["LIMIT", 1]]
  ↳ app/views/carts/show.html.erb:6
  Rendered carts/show.html.erb within layouts/application (Duration: 11.0ms | Allocations: 2864)
[Webpacker] Everything's up-to-date. Nothing to do
Completed 200 OK in 25ms (Views: 20.5ms | ActiveRecord: 1.0ms | Allocations: 7438)


  [1m[35m (0.6ms)[0m  [1m[34mSELECT sqlite_version(*)[0m
  [1m[35m (0.2ms)[0m  [1m[34mSELECT "schema_migrations"."version" FROM "schema_migrations" ORDER BY "schema_migrations"."version" ASC[0m
Migrating to AddQuantityToLineItems (20210106170503)
  [1m[35m (0.1ms)[0m  [1m[36mbegin transaction[0m
  [1m[35m (0.5ms)[0m  [1m[35mALTER TABLE "line_items" ADD "quantity" integer DEFAULT 1[0m
  [1m[36mprimary::SchemaMigration Create (0.4ms)[0m  [1m[32mINSERT INTO "schema_migrations" ("version") VALUES (?)[0m  [["version", "20210106170503"]]
  [1m[35m (54.9ms)[0m  [1m[36mcommit transaction[0m
  [1m[36mActiveRecord::InternalMetadata Load (0.4ms)[0m  [1m[34mSELECT "ar_internal_metadata".* FROM "ar_internal_metadata" WHERE "ar_internal_metadata"."key" = ? LIMIT ?[0m  [["key", "environment"], ["LIMIT", 1]]
  [1m[35m (0.1ms)[0m  [1m[34mSELECT sqlite_version(*)[0m
  [1m[35m (0.1ms)[0m  [1m[34mSELECT "schema_migrations"."version" FROM "schema_migrations" ORDER BY "schema_migrations"."version" ASC[0m
  [1m[35m (0.6ms)[0m  [1m[34mSELECT sqlite_version(*)[0m
  [1m[35m (0.2ms)[0m  [1m[34mSELECT "schema_migrations"."version" FROM "schema_migrations" ORDER BY "schema_migrations"."version" ASC[0m
Migrating to CombineItemsInCart (20210106173457)
  [1m[35m (0.1ms)[0m  [1m[36mbegin transaction[0m
  [1m[36mCart Load (0.2ms)[0m  [1m[34mSELECT "carts".* FROM "carts"[0m
  [1m[35m (0.2ms)[0m  [1m[34mSELECT SUM("line_items"."quantity") AS sum_quantity, "line_items"."product_id" AS line_items_product_id FROM "line_items" WHERE "line_items"."cart_id" = ? GROUP BY "line_items"."product_id"[0m  [["cart_id", 1]]
  [1m[36mLineItem Destroy (5.8ms)[0m  [1m[31mDELETE FROM "line_items" WHERE "line_items"."cart_id" = ? AND "line_items"."product_id" = ?[0m  [["cart_id", 1], ["product_id", 1]]
  [1m[36mProduct Load (0.2ms)[0m  [1m[34mSELECT "products".* FROM "products" WHERE "products"."id" = ? LIMIT ?[0m  [["id", 1], ["LIMIT", 1]]
  [1m[36mLineItem Create (1.1ms)[0m  [1m[32mINSERT INTO "line_items" ("product_id", "cart_id", "created_at", "updated_at", "quantity") VALUES (?, ?, ?, ?, ?)[0m  [["product_id", 1], ["cart_id", 1], ["created_at", "2021-01-06 17:36:33.162417"], ["updated_at", "2021-01-06 17:36:33.162417"], ["quantity", 3]]
  [1m[36mprimary::SchemaMigration Create (0.2ms)[0m  [1m[32mINSERT INTO "schema_migrations" ("version") VALUES (?)[0m  [["version", "20210106173457"]]
  [1m[35m (90.3ms)[0m  [1m[36mcommit transaction[0m
  [1m[36mActiveRecord::InternalMetadata Load (0.4ms)[0m  [1m[34mSELECT "ar_internal_metadata".* FROM "ar_internal_metadata" WHERE "ar_internal_metadata"."key" = ? LIMIT ?[0m  [["key", "environment"], ["LIMIT", 1]]
  [1m[35m (0.1ms)[0m  [1m[34mSELECT sqlite_version(*)[0m
  [1m[35m (0.1ms)[0m  [1m[34mSELECT "schema_migrations"."version" FROM "schema_migrations" ORDER BY "schema_migrations"."version" ASC[0m
Started GET "/" for 127.0.0.1 at 2021-01-06 23:40:16 +0600
  [1m[35m (0.1ms)[0m  [1m[34mSELECT sqlite_version(*)[0m
  [1m[35m (0.2ms)[0m  [1m[34mSELECT "schema_migrations"."version" FROM "schema_migrations" ORDER BY "schema_migrations"."version" ASC[0m
Processing by StoreController#index as HTML
  Rendering store/index.html.erb within layouts/application
  [1m[36mProduct Load (0.5ms)[0m  [1m[34mSELECT "products".* FROM "products" ORDER BY "products"."title" ASC[0m
  ↳ app/views/store/index.html.erb:6
  Rendered store/index.html.erb within layouts/application (Duration: 22.2ms | Allocations: 6646)
[Webpacker] Everything's up-to-date. Nothing to do
Completed 200 OK in 35ms (Views: 30.0ms | ActiveRecord: 0.5ms | Allocations: 12916)


Started GET "/" for 127.0.0.1 at 2021-01-06 23:43:42 +0600
  [1m[35m (0.1ms)[0m  [1m[34mSELECT sqlite_version(*)[0m
Processing by StoreController#index as HTML
  Rendering store/index.html.erb within layouts/application
  [1m[36mProduct Load (0.3ms)[0m  [1m[34mSELECT "products".* FROM "products" ORDER BY "products"."title" ASC[0m
  ↳ app/views/store/index.html.erb:6
  Rendered store/index.html.erb within layouts/application (Duration: 19.2ms | Allocations: 6699)
[Webpacker] Everything's up-to-date. Nothing to do
Completed 200 OK in 33ms (Views: 26.6ms | ActiveRecord: 1.5ms | Allocations: 12420)


Started POST "/line_items?product_id=1" for 127.0.0.1 at 2021-01-06 23:43:44 +0600
Processing by LineItemsController#create as HTML
  Parameters: {"authenticity_token"=>"O8vJEZxRVnqJ5t3qybmt8j2muiyLNMyaac7yrIutzWcDB3CGM96DPHY/L8VogMd3eEZ/jOFDQe3LzsEWRYYOrw==", "product_id"=>"1"}
  [1m[36mCart Load (0.1ms)[0m  [1m[34mSELECT "carts".* FROM "carts" WHERE "carts"."id" = ? LIMIT ?[0m  [["id", 1], ["LIMIT", 1]]
  ↳ app/controllers/concerns/current_cart.rb:6:in `set_cart'
  [1m[36mProduct Load (0.5ms)[0m  [1m[34mSELECT "products".* FROM "products" WHERE "products"."id" = ? LIMIT ?[0m  [["id", 1], ["LIMIT", 1]]
  ↳ app/controllers/line_items_controller.rb:37:in `create'
  [1m[36mLineItem Load (0.2ms)[0m  [1m[34mSELECT "line_items".* FROM "line_items" WHERE "line_items"."cart_id" = ? AND "line_items"."product_id" = ? LIMIT ?[0m  [["cart_id", 1], ["product_id", 1], ["LIMIT", 1]]
  ↳ app/models/cart.rb:5:in `add_product'
  [1m[35m (0.1ms)[0m  [1m[36mbegin transaction[0m
  ↳ app/controllers/line_items_controller.rb:41:in `block in create'
  [1m[36mProduct Load (0.1ms)[0m  [1m[34mSELECT "products".* FROM "products" WHERE "products"."id" = ? LIMIT ?[0m  [["id", 1], ["LIMIT", 1]]
  ↳ app/controllers/line_items_controller.rb:41:in `block in create'
  [1m[36mLineItem Update (0.3ms)[0m  [1m[33mUPDATE "line_items" SET "quantity" = ?, "updated_at" = ? WHERE "line_items"."id" = ?[0m  [["quantity", 4], ["updated_at", "2021-01-06 17:43:44.099801"], ["id", 4]]
  ↳ app/controllers/line_items_controller.rb:41:in `block in create'
  [1m[35m (143.2ms)[0m  [1m[36mcommit transaction[0m
  ↳ app/controllers/line_items_controller.rb:41:in `block in create'
Redirected to http://localhost:3000/carts/1
Completed 302 Found in 186ms (ActiveRecord: 145.8ms | Allocations: 15969)


Started GET "/carts/1" for 127.0.0.1 at 2021-01-06 23:43:44 +0600
Processing by CartsController#show as HTML
  Parameters: {"id"=>"1"}
  [1m[36mCart Load (0.3ms)[0m  [1m[34mSELECT "carts".* FROM "carts" WHERE "carts"."id" = ? LIMIT ?[0m  [["id", 1], ["LIMIT", 1]]
  ↳ app/controllers/carts_controller.rb:79:in `set_cart'
  Rendering carts/show.html.erb within layouts/application
  [1m[36mLineItem Load (0.3ms)[0m  [1m[34mSELECT "line_items".* FROM "line_items" WHERE "line_items"."cart_id" = ?[0m  [["cart_id", 1]]
  ↳ app/views/carts/show.html.erb:5
  [1m[36mProduct Load (0.2ms)[0m  [1m[34mSELECT "products".* FROM "products" WHERE "products"."id" = ? LIMIT ?[0m  [["id", 1], ["LIMIT", 1]]
  ↳ app/views/carts/show.html.erb:6
  Rendered carts/show.html.erb within layouts/application (Duration: 6.2ms | Allocations: 1827)
[Webpacker] Everything's up-to-date. Nothing to do
Completed 200 OK in 19ms (Views: 15.2ms | ActiveRecord: 0.7ms | Allocations: 7044)


Started POST "/line_items?product_id=3" for 127.0.0.1 at 2021-01-06 23:43:47 +0600
Processing by LineItemsController#create as HTML
  Parameters: {"authenticity_token"=>"O8vJEZxRVnqJ5t3qybmt8j2muiyLNMyaac7yrIutzWcDB3CGM96DPHY/L8VogMd3eEZ/jOFDQe3LzsEWRYYOrw==", "product_id"=>"3"}
  [1m[36mCart Load (0.3ms)[0m  [1m[34mSELECT "carts".* FROM "carts" WHERE "carts"."id" = ? LIMIT ?[0m  [["id", 1], ["LIMIT", 1]]
  ↳ app/controllers/concerns/current_cart.rb:6:in `set_cart'
  [1m[36mProduct Load (0.3ms)[0m  [1m[34mSELECT "products".* FROM "products" WHERE "products"."id" = ? LIMIT ?[0m  [["id", 3], ["LIMIT", 1]]
  ↳ app/controllers/line_items_controller.rb:37:in `create'
  [1m[36mLineItem Load (0.2ms)[0m  [1m[34mSELECT "line_items".* FROM "line_items" WHERE "line_items"."cart_id" = ? AND "line_items"."product_id" = ? LIMIT ?[0m  [["cart_id", 1], ["product_id", 3], ["LIMIT", 1]]
  ↳ app/models/cart.rb:5:in `add_product'
  [1m[35m (0.2ms)[0m  [1m[36mbegin transaction[0m
  ↳ app/controllers/line_items_controller.rb:41:in `block in create'
  [1m[36mProduct Load (0.2ms)[0m  [1m[34mSELECT "products".* FROM "products" WHERE "products"."id" = ? LIMIT ?[0m  [["id", 3], ["LIMIT", 1]]
  ↳ app/controllers/line_items_controller.rb:41:in `block in create'
  [1m[36mLineItem Create (0.9ms)[0m  [1m[32mINSERT INTO "line_items" ("product_id", "cart_id", "created_at", "updated_at") VALUES (?, ?, ?, ?)[0m  [["product_id", 3], ["cart_id", 1], ["created_at", "2021-01-06 17:43:47.119342"], ["updated_at", "2021-01-06 17:43:47.119342"]]
  ↳ app/controllers/line_items_controller.rb:41:in `block in create'
  [1m[35m (104.0ms)[0m  [1m[36mcommit transaction[0m
  ↳ app/controllers/line_items_controller.rb:41:in `block in create'
Redirected to http://localhost:3000/carts/1
Completed 302 Found in 128ms (ActiveRecord: 106.0ms | Allocations: 8162)


Started GET "/carts/1" for 127.0.0.1 at 2021-01-06 23:43:47 +0600
Processing by CartsController#show as HTML
  Parameters: {"id"=>"1"}
  [1m[36mCart Load (0.1ms)[0m  [1m[34mSELECT "carts".* FROM "carts" WHERE "carts"."id" = ? LIMIT ?[0m  [["id", 1], ["LIMIT", 1]]
  ↳ app/controllers/carts_controller.rb:79:in `set_cart'
  Rendering carts/show.html.erb within layouts/application
  [1m[36mLineItem Load (0.2ms)[0m  [1m[34mSELECT "line_items".* FROM "line_items" WHERE "line_items"."cart_id" = ?[0m  [["cart_id", 1]]
  ↳ app/views/carts/show.html.erb:5
  [1m[36mProduct Load (0.1ms)[0m  [1m[34mSELECT "products".* FROM "products" WHERE "products"."id" = ? LIMIT ?[0m  [["id", 1], ["LIMIT", 1]]
  ↳ app/views/carts/show.html.erb:6
  [1m[36mProduct Load (0.2ms)[0m  [1m[34mSELECT "products".* FROM "products" WHERE "products"."id" = ? LIMIT ?[0m  [["id", 3], ["LIMIT", 1]]
  ↳ app/views/carts/show.html.erb:6
  Rendered carts/show.html.erb within layouts/application (Duration: 6.9ms | Allocations: 2240)
[Webpacker] Everything's up-to-date. Nothing to do
Completed 200 OK in 21ms (Views: 18.2ms | ActiveRecord: 0.7ms | Allocations: 6824)


Started GET "/" for 127.0.0.1 at 2021-01-06 23:48:20 +0600
  [1m[35m (0.1ms)[0m  [1m[34mSELECT sqlite_version(*)[0m
Processing by StoreController#index as HTML
  Rendering store/index.html.erb within layouts/application
  [1m[36mProduct Load (0.3ms)[0m  [1m[34mSELECT "products".* FROM "products" ORDER BY "products"."title" ASC[0m
  ↳ app/views/store/index.html.erb:6
  Rendered store/index.html.erb within layouts/application (Duration: 22.6ms | Allocations: 6818)
[Webpacker] Everything's up-to-date. Nothing to do
Completed 200 OK in 70ms (Views: 63.6ms | ActiveRecord: 1.9ms | Allocations: 26288)


Started POST "/line_items?product_id=1" for 127.0.0.1 at 2021-01-06 23:48:22 +0600
Processing by LineItemsController#create as HTML
  Parameters: {"authenticity_token"=>"1cet6Eov3waF3ncl2EBHAnS+aF4XX86ec9eXNvFBc87tCxR/5aAKQHoHhQp5eS2HMV6t/n0oQ+nR16SMP2qwBg==", "product_id"=>"1"}
  [1m[36mCart Load (0.3ms)[0m  [1m[34mSELECT "carts".* FROM "carts" WHERE "carts"."id" = ? LIMIT ?[0m  [["id", 1], ["LIMIT", 1]]
  ↳ app/controllers/concerns/current_cart.rb:6:in `set_cart'
  [1m[36mProduct Load (0.2ms)[0m  [1m[34mSELECT "products".* FROM "products" WHERE "products"."id" = ? LIMIT ?[0m  [["id", 1], ["LIMIT", 1]]
  ↳ app/controllers/line_items_controller.rb:37:in `create'
  [1m[36mLineItem Load (0.2ms)[0m  [1m[34mSELECT "line_items".* FROM "line_items" WHERE "line_items"."cart_id" = ? AND "line_items"."product_id" = ? LIMIT ?[0m  [["cart_id", 1], ["product_id", 1], ["LIMIT", 1]]
  ↳ app/models/cart.rb:5:in `add_product'
  [1m[35m (0.1ms)[0m  [1m[36mbegin transaction[0m
  ↳ app/controllers/line_items_controller.rb:41:in `block in create'
  [1m[36mProduct Load (0.2ms)[0m  [1m[34mSELECT "products".* FROM "products" WHERE "products"."id" = ? LIMIT ?[0m  [["id", 1], ["LIMIT", 1]]
  ↳ app/controllers/line_items_controller.rb:41:in `block in create'
  [1m[36mLineItem Update (0.4ms)[0m  [1m[33mUPDATE "line_items" SET "quantity" = ?, "updated_at" = ? WHERE "line_items"."id" = ?[0m  [["quantity", 5], ["updated_at", "2021-01-06 17:48:22.205173"], ["id", 4]]
  ↳ app/controllers/line_items_controller.rb:41:in `block in create'
  [1m[35m (171.3ms)[0m  [1m[36mcommit transaction[0m
  ↳ app/controllers/line_items_controller.rb:41:in `block in create'
Redirected to http://localhost:3000/carts/1
Completed 302 Found in 220ms (ActiveRecord: 175.0ms | Allocations: 15907)


Started GET "/carts/1" for 127.0.0.1 at 2021-01-06 23:48:22 +0600
Processing by CartsController#show as HTML
  Parameters: {"id"=>"1"}
  [1m[36mCart Load (0.2ms)[0m  [1m[34mSELECT "carts".* FROM "carts" WHERE "carts"."id" = ? LIMIT ?[0m  [["id", 1], ["LIMIT", 1]]
  ↳ app/controllers/carts_controller.rb:79:in `set_cart'
  Rendering carts/show.html.erb within layouts/application
  [1m[36mLineItem Load (0.3ms)[0m  [1m[34mSELECT "line_items".* FROM "line_items" WHERE "line_items"."cart_id" = ?[0m  [["cart_id", 1]]
  ↳ app/views/carts/show.html.erb:5
  [1m[36mProduct Load (0.2ms)[0m  [1m[34mSELECT "products".* FROM "products" WHERE "products"."id" = ? LIMIT ?[0m  [["id", 1], ["LIMIT", 1]]
  ↳ app/views/carts/show.html.erb:8
  [1m[36mProduct Load (0.1ms)[0m  [1m[34mSELECT "products".* FROM "products" WHERE "products"."id" = ? LIMIT ?[0m  [["id", 3], ["LIMIT", 1]]
  ↳ app/views/carts/show.html.erb:8
  Rendered carts/show.html.erb within layouts/application (Duration: 9.5ms | Allocations: 3141)
[Webpacker] Everything's up-to-date. Nothing to do
Completed 200 OK in 21ms (Views: 17.1ms | ActiveRecord: 0.9ms | Allocations: 8338)


Started DELETE "/carts/1" for 127.0.0.1 at 2021-01-06 23:48:25 +0600
Processing by CartsController#destroy as HTML
  Parameters: {"authenticity_token"=>"/1+/AQ6XSPQ21jVRhMbyDsS39KqnGdjeq8m8hjt3hQXHkwaWoRidsskPx34l/5iLgVcxCs1uVakJyY889VxGzQ==", "id"=>"1"}
  [1m[36mCart Load (0.2ms)[0m  [1m[34mSELECT "carts".* FROM "carts" WHERE "carts"."id" = ? LIMIT ?[0m  [["id", 1], ["LIMIT", 1]]
  ↳ app/controllers/carts_controller.rb:79:in `set_cart'
  [1m[35m (0.1ms)[0m  [1m[36mbegin transaction[0m
  ↳ app/controllers/carts_controller.rb:65:in `destroy'
  [1m[36mLineItem Load (0.2ms)[0m  [1m[34mSELECT "line_items".* FROM "line_items" WHERE "line_items"."cart_id" = ?[0m  [["cart_id", 1]]
  ↳ app/controllers/carts_controller.rb:65:in `destroy'
  [1m[36mLineItem Destroy (1.1ms)[0m  [1m[31mDELETE FROM "line_items" WHERE "line_items"."id" = ?[0m  [["id", 4]]
  ↳ app/controllers/carts_controller.rb:65:in `destroy'
  [1m[36mLineItem Destroy (0.2ms)[0m  [1m[31mDELETE FROM "line_items" WHERE "line_items"."id" = ?[0m  [["id", 5]]
  ↳ app/controllers/carts_controller.rb:65:in `destroy'
  [1m[36mCart Destroy (0.3ms)[0m  [1m[31mDELETE FROM "carts" WHERE "carts"."id" = ?[0m  [["id", 1]]
  ↳ app/controllers/carts_controller.rb:65:in `destroy'
  [1m[35m (75.8ms)[0m  [1m[36mcommit transaction[0m
  ↳ app/controllers/carts_controller.rb:65:in `destroy'
Redirected to http://localhost:3000/
Completed 302 Found in 102ms (ActiveRecord: 77.9ms | Allocations: 8146)


Started GET "/" for 127.0.0.1 at 2021-01-06 23:48:25 +0600
Processing by StoreController#index as HTML
  Rendering store/index.html.erb within layouts/application
  [1m[36mProduct Load (0.3ms)[0m  [1m[34mSELECT "products".* FROM "products" ORDER BY "products"."title" ASC[0m
  ↳ app/views/store/index.html.erb:6
  Rendered store/index.html.erb within layouts/application (Duration: 12.4ms | Allocations: 3585)
[Webpacker] Everything's up-to-date. Nothing to do
Completed 200 OK in 21ms (Views: 19.7ms | ActiveRecord: 0.3ms | Allocations: 7582)


Started POST "/line_items?product_id=3" for 127.0.0.1 at 2021-01-06 23:48:27 +0600
Processing by LineItemsController#create as HTML
  Parameters: {"authenticity_token"=>"fuAqM7xY6jTEHkQNQWa+y1seuh7USX0g+RHYG27vcbNGLJOkE9c/cjvHtiLgX9ROHv5/vr4+8FdbEeuhoMSyew==", "product_id"=>"3"}
  [1m[35m (0.1ms)[0m  [1m[36mbegin transaction[0m
  ↳ app/controllers/concerns/current_cart.rb:8:in `rescue in set_cart'
  [1m[36mCart Create (0.5ms)[0m  [1m[32mINSERT INTO "carts" ("created_at", "updated_at") VALUES (?, ?)[0m  [["created_at", "2021-01-06 17:48:27.436945"], ["updated_at", "2021-01-06 17:48:27.436945"]]
  ↳ app/controllers/concerns/current_cart.rb:8:in `rescue in set_cart'
  [1m[35m (160.0ms)[0m  [1m[36mcommit transaction[0m
  ↳ app/controllers/concerns/current_cart.rb:8:in `rescue in set_cart'
  [1m[36mProduct Load (0.2ms)[0m  [1m[34mSELECT "products".* FROM "products" WHERE "products"."id" = ? LIMIT ?[0m  [["id", 3], ["LIMIT", 1]]
  ↳ app/controllers/line_items_controller.rb:37:in `create'
  [1m[36mLineItem Load (0.2ms)[0m  [1m[34mSELECT "line_items".* FROM "line_items" WHERE "line_items"."cart_id" = ? AND "line_items"."product_id" = ? LIMIT ?[0m  [["cart_id", 2], ["product_id", 3], ["LIMIT", 1]]
  ↳ app/models/cart.rb:5:in `add_product'
  [1m[35m (0.1ms)[0m  [1m[36mbegin transaction[0m
  ↳ app/controllers/line_items_controller.rb:41:in `block in create'
  [1m[36mProduct Load (0.3ms)[0m  [1m[34mSELECT "products".* FROM "products" WHERE "products"."id" = ? LIMIT ?[0m  [["id", 3], ["LIMIT", 1]]
  ↳ app/controllers/line_items_controller.rb:41:in `block in create'
  [1m[36mLineItem Create (0.7ms)[0m  [1m[32mINSERT INTO "line_items" ("product_id", "cart_id", "created_at", "updated_at") VALUES (?, ?, ?, ?)[0m  [["product_id", 3], ["cart_id", 2], ["created_at", "2021-01-06 17:48:27.615936"], ["updated_at", "2021-01-06 17:48:27.615936"]]
  ↳ app/controllers/line_items_controller.rb:41:in `block in create'
  [1m[35m (84.3ms)[0m  [1m[36mcommit transaction[0m
  ↳ app/controllers/line_items_controller.rb:41:in `block in create'
Redirected to http://localhost:3000/carts/2
Completed 302 Found in 277ms (ActiveRecord: 246.4ms | Allocations: 12343)


Started GET "/carts/2" for 127.0.0.1 at 2021-01-06 23:48:27 +0600
Processing by CartsController#show as HTML
  Parameters: {"id"=>"2"}
  [1m[36mCart Load (0.1ms)[0m  [1m[34mSELECT "carts".* FROM "carts" WHERE "carts"."id" = ? LIMIT ?[0m  [["id", 2], ["LIMIT", 1]]
  ↳ app/controllers/carts_controller.rb:79:in `set_cart'
  Rendering carts/show.html.erb within layouts/application
  [1m[36mLineItem Load (0.1ms)[0m  [1m[34mSELECT "line_items".* FROM "line_items" WHERE "line_items"."cart_id" = ?[0m  [["cart_id", 2]]
  ↳ app/views/carts/show.html.erb:5
  [1m[36mProduct Load (0.2ms)[0m  [1m[34mSELECT "products".* FROM "products" WHERE "products"."id" = ? LIMIT ?[0m  [["id", 3], ["LIMIT", 1]]
  ↳ app/views/carts/show.html.erb:8
  Rendered carts/show.html.erb within layouts/application (Duration: 6.6ms | Allocations: 1865)
[Webpacker] Everything's up-to-date. Nothing to do
Completed 200 OK in 18ms (Views: 15.0ms | ActiveRecord: 0.5ms | Allocations: 6437)


Started DELETE "/carts/2" for 127.0.0.1 at 2021-01-06 23:48:29 +0600
Processing by CartsController#destroy as HTML
  Parameters: {"authenticity_token"=>"U/XyICLABCecJE1OpD2vBHgfdPKvwq4aiF4ZY3dc521rOUu3jU/RYWP9v2EFBMWBPf+xUsW1I20qXirZuXckpQ==", "id"=>"2"}
  [1m[36mCart Load (0.1ms)[0m  [1m[34mSELECT "carts".* FROM "carts" WHERE "carts"."id" = ? LIMIT ?[0m  [["id", 2], ["LIMIT", 1]]
  ↳ app/controllers/carts_controller.rb:79:in `set_cart'
  [1m[35m (0.1ms)[0m  [1m[36mbegin transaction[0m
  ↳ app/controllers/carts_controller.rb:65:in `destroy'
  [1m[36mLineItem Load (0.2ms)[0m  [1m[34mSELECT "line_items".* FROM "line_items" WHERE "line_items"."cart_id" = ?[0m  [["cart_id", 2]]
  ↳ app/controllers/carts_controller.rb:65:in `destroy'
  [1m[36mLineItem Destroy (0.5ms)[0m  [1m[31mDELETE FROM "line_items" WHERE "line_items"."id" = ?[0m  [["id", 6]]
  ↳ app/controllers/carts_controller.rb:65:in `destroy'
  [1m[36mCart Destroy (0.3ms)[0m  [1m[31mDELETE FROM "carts" WHERE "carts"."id" = ?[0m  [["id", 2]]
  ↳ app/controllers/carts_controller.rb:65:in `destroy'
  [1m[35m (64.2ms)[0m  [1m[36mcommit transaction[0m
  ↳ app/controllers/carts_controller.rb:65:in `destroy'
Redirected to http://localhost:3000/
Completed 302 Found in 85ms (ActiveRecord: 65.5ms | Allocations: 7163)


Started GET "/" for 127.0.0.1 at 2021-01-06 23:48:29 +0600
Processing by StoreController#index as HTML
  Rendering store/index.html.erb within layouts/application
  [1m[36mProduct Load (0.2ms)[0m  [1m[34mSELECT "products".* FROM "products" ORDER BY "products"."title" ASC[0m
  ↳ app/views/store/index.html.erb:6
  Rendered store/index.html.erb within layouts/application (Duration: 10.3ms | Allocations: 3205)
[Webpacker] Everything's up-to-date. Nothing to do
Completed 200 OK in 19ms (Views: 17.6ms | ActiveRecord: 0.2ms | Allocations: 7552)


